-6.925	10.91	13421602	090342
-6.7929999999999	13.85	97702892	163217
-6.337	6.08	4234351	161325
-5.222	5.18	4234351	061851
-4.41	3.35	16607544	091149
-4.41	3.79	16607544	094507
-4.41	1.11	221693462	070732
-3.824	2.25	221693462	083944
-3.307	2.46	145374496	125220
-3.3	5.22	4234351	062144
-3	3.41	103635386	112158
-2.9179999999999	5.06	4234351	053753
-2.9179999999999	5.05	4234351	062319
-2.37	5.54	30548697	204825
-2.07	4.31	145374496	184318
-2	4.79	16607544	133220
-1.58	0.33	76457580	174258
-1.5	7.32	16607544	101751
-1.493	1.30	221693462	184851
-1.4	3.32	4234351	055034
-1.28	5.62	30548697	072603
-1.233	4.53	1898361763	202942
-1.1799999999999	2.35	221693462	074958
-1	4.57	16607544	145018
-0.89999999999998	2.49	221693462	104357
-0.68599999999998	5.17	4234351	061749
-0.584	5.52	52804268	151731
-0.584	10.95	27045040	135926
-0.565	5.20	4234351	200626
-0.44999999999999	0.68	30548697	200537
-0.44	5.54	4234351	062143
-0.38	0.31	1966496491	060618
-0.32099999999997	5.31	4234351	060552
-0.17999999999995	4.62	46391746	194118
-0.12	0.56	221693462	130254
-0.099999999999966	2.55	376647881	104441
-0.089999999999975	7.20	275924562	193453
0	1.12	48986364	115852
0	3.04	16607544	181841
0.03000000000003	3.30	4234351	061217
0.080000000000041	5.89	30548697	075240
0.15100000000001	5.18	4234351	060906
0.18000000000001	3.68	221693462	173841
0.23000000000002	5.30	4234351	061858
0.46000000000004	0.78	221693462	065956
0.54000000000002	4.36	46391746	193806
0.60900000000004	3.23	4234351	055514
0.63	4.95	329587681	141631
0.65000000000003	1.68	221693462	081024
0.67000000000002	5.91	30548697	210818
0.73000000000002	5.98	30548697	080921
0.75	5.58	286340581	195745
0.83000000000004	4.92	30548697	073128
0.83000000000004	1.46	221693462	072231
0.87	6.05	30548697	191307
0.88	1.78	4234351	043143
0.88	3.31	4234351	065321
0.89000000000004	7.13	286340581	195605
0.91000000000003	4.14	221693462	130449
0.95000000000005	0.51	286340581	183529
0.96000000000004	5.65	30548697	201641
0.97400000000005	3.20	376647881	141235
1	3.84	16607544	150657
1	2.76	16607544	190107
1.078	3.42	97702892	160038
1.09	0.09	286340581	182447
1.1	3.61	77235484	091004
1.12	2.26	103242400	135553
1.16	6.11	286340581	193344
1.16	5.90	30548697	075107
1.18	2.12	142258903	151240
1.23	1.33	221693462	075003
1.26	2.17	221693462	170550
1.287	3.34	4234351	060806
1.326	5.31	4234351	070455
1.36	0.74	221693462	074548
1.379	0.69	339169398	061809
1.38	3.02	46391746	090601
1.49	3.00	142258903	143556
1.5	2.05	16607544	180637
1.52	0.94	221693462	060559
1.52	3.03	112198490	183058
1.63	5.95	275924562	194838
1.66	6.00	30548697	204534
1.67	2.19	221693462	081525
1.7	2.22	221693462	074911
1.7	1.82	221693462	072833
1.8200000000001	2.22	208473284	141214
1.833	4.03	131163833	200126
1.85	8.45	96237633	064931
1.86	0.06	221693462	145452
1.86	1.59	221693462	144316
1.862	11.93	123203837	223111
1.96	1.39	221693462	071725
1.966	5.25	4234351	062149
1.97	0.05	76457580	175136
1.98	2.81	153009645	213634
1.99	2.41	221693462	152711
2.03	6.58	122722547	091534
2.1	3.11	28560769	084547
2.1	9.59	97702892	155236
2.14	2.05	301314762	185615
2.19	6.97	286340581	195553
2.21	7.70	221693462	144052
2.23	1.87	187296473	122854
2.24	6.14	29008333	143720
2.298	1.75	33965288	155921
2.3200000000001	16.02	390079493	102031
2.327	6.16	4234351	090713
2.39	2.18	221693462	075752
2.4	3.88	221693462	144049
2.407	5.32	286340581	193403
2.41	7.84	46391746	101239
2.46	0.22	105796734	095844
2.52	5.46	187296473	130435
2.612	2.81	389718105	064311
2.619	5.18	4234351	060716
2.62	5.84	30548697	071621
2.628	4.93	4234351	060804
2.63	2.99	2456993766	072006
2.64	7.31	96237633	074410
2.68	2.93	8733352	172314
2.8	2.57	46391746	132016
2.84	2.34	221693462	080129
2.84	9.32	53628453	201314
2.86	2.23	142258903	130359
2.86	7.48	223185992	112605
2.868	13.98	97702892	162813
2.872	6.07	4234351	165858
2.942	2.70	8733352	064645
2.95	0.41	76457580	162206
2.95	5.27	286340581	193606
2.954	6.09	4234351	155146
2.97	0.43	76457580	092107
3	2.10	16607544	191239
3	2.10	16607544	191504
3	5.49	4234351	111827
3.01	1.92	93261341	115330
3.03	2.45	221693462	080001
3.04	1.53	221693462	074112
3.05	1.67	221693462	072423
3.099	6.03	4234351	165346
3.11	5.58	4234351	062225
3.12	1.77	221693462	071853
3.138	5.22	4234351	060919
3.161	3.20	216381931	205502
3.17	2.17	221693462	133600
3.17	5.12	45590178	185125
3.18	1.37	221693462	060932
3.19	6.18	300473801	084622
3.21	1.03	153009645	074831
3.23	5.58	286340581	194132
3.234	0.93	221693462	065957
3.26	1.53	221693462	081459
3.26	1.92	28980704	161250
3.265	2.38	4234351	053121
3.29	3.56	27000607	103254
3.33	1.84	29583183	050447
3.37	1.62	132614376	100602
3.42	0.32	221693462	074636
3.442	6.10	389718105	203521
3.46	8.62	54562832	101727
3.5	6.23	16607544	103914
3.5	12.76	1898361763	122849
3.56	1.63	221693462	074301
3.64	1.30	221693462	073205
3.66	2.30	187296473	095612
3.67	2.49	12242112	144818
3.69	1.17	221693462	152407
3.69	4.34	33965288	164601
3.691	3.32	4234351	063100
3.74	2.03	221693462	074558
3.77	5.41	30548697	184523
3.77	3.10	153009645	220619
3.88	0.50	286340581	183005
3.91	5.66	30548697	074428
3.93	1.09	221693462	153827
3.965	1.26	221693462	055319
3.98	0.58	221693462	172211
4	9.01	114809110	120013
4.02	2.30	221693462	095111
4.04	5.82	30548697	075203
4.06	2.84	115412477	160717
4.09	2.43	153009645	074341
4.11	0.86	153009645	070201
4.12	0.79	221693462	195157
4.17	0.37	1966496491	170740
4.19	2.38	221693462	190634
4.2	3.27	221693462	152814
4.22	10.74	105796734	121139
4.22	0.99	221693462	071458
4.24	1.17	221693462	055723
4.249	5.17	4234351	061852
4.283	3.28	4234351	050813
4.29	2.27	221693462	104110
4.3	2.51	145374496	121325
4.3	5.09	321016726	100605
4.3	5.09	321016726	101051
4.3	7.04	180500404	113852
4.3	7.04	180500404	113909
4.325	1.13	221693462	074104
4.34	10.45	2614817428	102931
4.35	2.63	221693462	160517
4.38	4.64	286340581	194051
4.42	1.11	221693462	070459
4.421	5.12	4234351	062328
4.425	2.41	221693462	082652
4.471	0.89	174320246	153247
4.48	4.32	30548697	075037
4.5	22.49	316991203	152518
4.5	4.71	14583418	113255
4.5	7.56	126581341	195703
4.5	2.33	221693462	150536
4.509	5.12	4234351	062139
4.51	5.66	162685682	190225
4.517	5.13	4234351	053458
4.517	5.16	4234351	061856
4.517	3.98	4234351	062405
4.52	5.55	115412477	164539
4.52	2.57	27000607	114118
4.53	5.44	166143677	160601
4.54	5.87	30548697	065121
4.557	5.18	4234351	155526
4.558	7.75	16607544	113746
4.56	2.21	221693462	162526
4.573	5.06	4234351	063054
4.6	7.44	30548697	174806
4.602	0.41	76457580	090144
4.624	2.04	145374496	123125
4.63	1.89	153009645	151035
4.65	4.47	187296473	141936
4.66	1.68	28560769	090021
4.669	1.44	33965288	165417
4.67	5.80	30548697	204450
4.699	2.67	4234351	053958
4.7	10.01	97702892	202623
4.7	5.92	30548697	181722
4.71	3.06	142258903	144531
4.72	2.40	187296473	100136
4.77	3.00	8733352	075935
4.799	4.74	16607544	122734
4.831	2.16	2169667183	131850
4.831	5.05	119464009	194315
4.84	8.46	187296473	155221
4.84	2.54	221693462	150702
4.849	6.22	4234351	154429
4.85	0.65	221693462	072352
4.88	12.01	97702892	205025
4.88	3.32	4234351	054700
4.888	5.23	4234351	061127
4.89	2.03	221693462	143450
4.95	1.93	221693462	081126
4.986	5.20	4234351	061633
4.99	0.23	76457580	183143
4.995	6.64	4234351	160324
5	3.04	89205477	190341
5	2.97	16607544	184412
5.002	2.15	221693462	082217
5.01	9.00	275924562	190227
5.01	3.33	4234351	060834
5.036	18.11	293978575	123035
5.05	6.93	113295299	113741
5.06	3.02	187296473	100145
5.1	18.75	97702892	164317
5.1	2.76	221693462	121649
5.11	5.59	4234351	062527
5.127	2.22	121214544	190344
5.168	13.09	1898361763	130108
5.17	3.04	18337972	182905
5.185	3.07	221693462	133341
5.2	4.02	4234351	062925
5.23	19.65	97702892	100420
5.236	5.67	30548697	072926
5.25	0.88	76457580	174834
5.25	3.05	187296473	133950
5.25	5.11	4234351	054526
5.25	8.43	53628453	200125
5.26	2.18	221693462	162130
5.26	0.43	1966496491	165150
5.28	1.57	28980704	114355
5.281	3.33	4234351	045029
5.286	5.74	352182609	143955
5.291	25.01	337031066	045935
5.299	1.85	184572424	063501
5.3	4.02	113295299	103545
5.314	7.18	19234455	141944
5.3200000000001	5.85	30548697	084248
5.3200000000001	3.23	4234351	050402
5.35	2.48	221693462	071756
5.357	1.64	2169667183	101413
5.357	0.28	2169667183	111744
5.36	10.29	271601370	095625
5.36	1.09	221693462	070910
5.37	5.96	27000607	130252
5.37	3.32	4234351	062909
5.4	12.46	97702892	151817
5.4	3.89	204730576	185301
5.41	3.35	121214544	162510
5.41	7.31	286340581	195243
5.413	1.88	218042866	154821
5.44	3.04	46391746	114857
5.44	11.02	97702892	144312
5.467	5.03	4234351	070019
5.467	4.46	4234351	070528
5.47	9.23	115412477	091303
5.47	1.91	145374496	202834
5.473	2.83	75569376	130010
5.486	14.30	16607544	125348
5.532	9.67	97702892	195645
5.537	0.35	76457580	100713
5.56	5.78	30548697	192533
5.5700000000001	2.20	221693462	171509
5.5700000000001	5.11	4234351	062743
5.585	2.32	46198458	162712
5.6	16.08	97702892	152112
5.6	15.55	96237633	155440
5.616	5.24	4234351	151558
5.62	4.41	16607544	142746
5.63	9.12	97702892	142809
5.631	1.13	221693462	054138
5.636	3.01	389718105	195603
5.636	3.96	389718105	211928
5.64	4.06	119464009	200800
5.65	4.89	231172156	145240
5.658	3.25	4234351	050648
5.66	2.36	221693462	155458
5.66	5.47	4234351	072240
5.66	5.81	30548697	073002
5.69	2.05	184572424	060615
5.6950000000001	3.67	15027500	162049
5.709	2.50	16607544	180237
5.733	1.48	221693462	080447
5.775	5.85	30548697	202026
5.78	2.34	221693462	064651
5.817	8.05	126581341	191113
5.84	6.76	12242112	153246
5.853	0.79	264114754	080841
5.853	5.98	264114754	093621
5.86	13.52	97702892	210024
5.87	1.93	339169398	171030
5.89	5.44	4234351	132629
5.89	5.02	132614376	185915
5.908	2.42	4234351	084334
5.928	0.94	221693462	065940
5.936	1.34	221693462	083358
5.94	6.49	264114754	093902
5.95	1.36	221693462	073555
5.95	1.95	74686031	105547
5.96	4.72	74686031	114732
5.96	2.23	221693462	080542
5.97	1.85	15820360	084138
5.974	5.83	30548697	073858
5.999	1.34	145374496	150112
6	19.00	115412477	164836
6	3.77	16607544	140721
6	4.19	145374496	115533
6	5.45	30548697	165548
6	2.25	12242112	145119
6	10.01	12242112	155140
6.018	4.84	263919218	224511
6.05	1.61	221693462	075335
6.11	10.01	97702892	144724
6.127	1.46	221693462	061502
6.14	1.23	221693462	160506
6.149	3.25	4234351	052225
6.157	6.38	105798199	120035
6.157	11.51	30548697	125014
6.161	5.96	32460625	212235
6.17	3.30	4234351	044938
6.196	3.79	221693462	133149
6.21	2.03	145374496	115136
6.21	2.63	187296473	141005
6.214	14.59	389718105	203641
6.222	5.76	30548697	053119
6.25	7.25	275924562	182235
6.252	2.33	221693462	161645
6.26	5.09	113295299	124201
6.265	5.06	112198490	184556
6.299	2.05	184572424	063645
6.307	20.45	337031066	120051
6.3200000000001	12.85	27200524	122613
6.35	0.36	76457580	174803
6.36	3.03	221693462	142634
6.36	2.67	4234351	062906
6.397	1.37	221693462	061623
6.4	1.83	187296473	133605
6.4	3.23	221693462	145134
6.4	4.30	30548697	213133
6.424	14.06	16607544	130113
6.448	3.04	30498392	182001
6.449	3.84	30548697	062741
6.449	2.00	30548697	064641
6.45	2.57	221693462	191122
6.46	6.89	116895377	092700
6.5	1.47	114809110	210350
6.5	4.53	103635386	154335
6.511	8.76	97702892	201214
6.513	17.51	115412477	143340
6.517	23.76	113288991	144112
6.517	2.37	187296473	131251
6.53	1.19	109176892	164313
6.55	6.19	4234351	053504
6.55	5.47	4234351	062745
6.563	1.02	2169667183	150252
6.5700000000001	4.42	145374496	144602
6.6	1.77	46391746	155059
6.61	1.77	184572424	064646
6.661	5.14	4234351	084646
6.7	2.71	221693462	122524
6.7	5.25	263919218	191617
6.7	0.71	221693462	122721
6.708	1.89	184572424	063630
6.717	15.25	53628453	200131
6.733	5.16	4234351	113711
6.736	1.20	60185349	100658
6.76	0.51	76457580	142333
6.762	1.04	221693462	045421
6.772	1.31	221693462	060917
6.772	1.31	221693462	061414
6.789	1.16	221693462	150614
6.798	2.32	221693462	160044
6.81	2.96	119464009	122241
6.8200000000001	1.63	264114754	145757
6.8200000000001	0.95	221693462	080900
6.83	3.85	141303505	161332
6.8440000000001	6.01	145374496	113529
6.8440000000001	1.25	187296473	125650
6.8440000000001	2.30	30548697	105934
6.85	1.07	221693462	101437
6.87	8.78	126581341	195223
6.909	1.43	109176892	092806
6.95	3.29	339169398	112914
6.99	0.86	221693462	065212
6.99	3.35	4234351	050604
7	6.64	312514316	114557
7.005	3.01	145374496	092446
7.01	13.51	97702892	153746
7.012	5.65	30548697	060935
7.039	21.05	97702892	170254
7.04	3.59	15027500	092805
7.043	2.03	28560769	082243
7.0700000000001	7.29	264114754	094546
7.08	1.44	221693462	123514
7.09	0.38	1966496491	120048
7.1	3.83	30548697	200229
7.108	0.89	548238536	101528
7.108	5.28	548238536	115950
7.13	2.24	221693462	145825
7.133	1.00	187296473	063239
7.133	5.62	30548697	064443
7.139	12.18	389718105	152927
7.14	1.91	145374496	122455
7.16	1.17	114809110	184459
7.17	2.45	221693462	154904
7.18	3.32	4234351	095137
7.19	12.71	264114754	122611
7.21	2.83	4234351	051941
7.212	3.47	4234351	051832
7.22	1.34	221693462	064656
7.24	5.91	30548697	072247
7.27	4.96	300473801	145641
7.273	5.68	77818539	134128
7.29	0.26	76457580	180346
7.3	21.10	390079493	105439
7.31	3.01	12242112	135548
7.316	3.90	30548697	133358
7.317	4.71	119464009	193203
7.3200000000001	1.94	145374496	114933
7.34	4.22	264114754	125228
7.34	3.21	145374496	114714
7.36	5.94	119464009	194047
7.36	2.02	221693462	142635
7.429	13.62	295056069	134032
7.43	6.88	4234351	142909
7.44	2.80	145374496	194051
7.448	2.19	221693462	151935
7.45	0.74	187296473	173728
7.45	13.18	53628453	205006
7.49	19.93	232959045	112905
7.5	4.73	16607544	121229
7.5	1.80	16607544	181839
7.5	1.77	221693462	141846
7.5	2.09	145374496	193501
7.53	17.60	295056069	150720
7.54	4.46	145374496	120933
7.54	31.55	454952840	140924
7.543	0.44	1966496491	045844
7.547	3.31	4234351	044400
7.547	3.36	4234351	051607
7.56	6.09	4234351	091938
7.56	1.83	4234351	080212
7.588	6.30	16607544	121044
7.6	0.81	89022692	123412
7.61	2.29	221693462	175317
7.616	19.13	97702892	152432
7.616	19.13	97702892	152645
7.622	3.22	4234351	045421
7.623	4.47	98650559	124239
7.637	1.33	221693462	071729
7.65	2.26	221693462	094623
7.65	2.28	221693462	160427
7.67	5.60	4234351	062103
7.68	1.09	221693462	175248
7.773	7.79	264114754	113007
7.78	3.77	341000033	203544
7.81	5.54	286340581	193812
7.81	0.02	76457580	183432
7.81	2.98	16607544	180811
7.814	1.83	221693462	060729
7.814	5.97	235577089	054921
7.8200000000001	1.89	145374496	161246
7.85	5.80	30548697	064019
7.864	4.22	278697287	195725
7.91	42.53	118096208	201306
7.92	1.13	221693462	153324
7.93	1.54	851221952	194132
7.943	3.35	105633590	080354
7.943	3.96	105633590	090609
7.958	1.01	221693462	044528
7.975	5.71	30548697	072729
7.99	5.00	221693462	150322
7.99	0.59	30548697	174054
8	9.23	126581341	202305
8	4.08	16607544	115038
8	0.18	216381931	181020
8	8.18	4234351	114435
8.01	1.48	221693462	054652
8.02	4.62	124229207	183533
8.02	2.21	221693462	091046
8.035	1.62	109176892	115134
8.05	2.69	114843855	160009
8.06	8.31	54309340	184814
8.06	0.52	1966496491	133232
8.103	17.94	220423064	200058
8.12	2.27	132614376	121952
8.121	4.13	264114754	101808
8.13	2.12	221693462	174147
8.15	12.20	97702892	200320
8.161	2.26	810591751	192909
8.18	1.91	145374496	143533
8.19	5.04	131163833	191306
8.199	1.65	221693462	173405
8.264	2.15	36926785	105150
8.269	5.88	98957815	124222
8.27	10.25	97702892	155725
8.275	2.55	16607544	173731
8.3	3.01	48307831	131840
8.31	8.50	116865153	143058
8.364	4.23	12242112	163150
8.37	7.15	264114754	111240
8.379	1.06	145374496	183112
8.38	6.98	16607544	114702
8.41	3.78	4234351	125722
8.43	2.19	36926785	111617
8.44	15.22	97702892	170239
8.475	4.96	30548697	165813
8.48	8.37	264114754	124755
8.48	30.62	337031066	122403
8.5	21.15	242341414	160226
8.514	5.11	30548697	185803
8.56	5.45	4234351	062303
8.56	5.57	4234351	132754
8.56	3.14	74686031	122735
8.6	9.97	89022692	132727
8.6	0.70	221693462	054801
8.613	2.60	16607544	172306
8.618	2.20	115412477	190139
8.618	15.43	115412477	213655
8.64	14.29	97702892	200530
8.641	19.89	232959045	104128
8.65	22.00	113288991	155751
8.684	13.10	1115944616	153707
8.69	1.90	93261341	115608
8.69	5.40	264114754	085855
8.69	5.40	264114754	090217
8.692	3.20	4234351	045815
8.738	2.70	24583865	184245
8.75	3.27	4234351	045201
8.771	12.68	53628453	202729
8.79	10.32	271601370	163554
8.79	1.14	89205477	143443
8.793	5.62	30548697	085834
8.796	5.42	141303505	150425
8.8	6.18	89022692	132958
8.81	9.98	25837323	185437
8.83	2.22	221693462	122512
8.839	5.40	4234351	165347
8.845	1.17	33965288	062045
8.848	4.34	221693462	120032
8.857	2.55	1966496491	221503
8.857	2.00	1966496491	025248
8.858	3.26	4234351	044325
8.87	1.75	145374496	113916
8.89	1.52	1966496491	224919
8.893	5.78	40357628	153107
8.91	2.31	221693462	160632
8.925	1.59	33965288	062341
9	5.44	4234351	122455
9	5.52	4234351	151218
9	1.33	4234351	153830
9.01	9.32	264114754	145215
9.036	3.47	221693462	171425
9.036	3.47	221693462	171923
9.04	1.03	264114754	100446
9.045	0.70	1966496491	132255
9.045	0.52	1966496491	132256
9.045	0.47	1966496491	132257
9.045	0.70	1966496491	132257
9.045	1.02	1966496491	132258
9.05	0.59	1966496491	132259
9.09	2.19	221693462	085959
9.104	2.62	16607544	123346
9.167	1.02	218042866	191222
9.193	1.23	145374496	092442
9.21	5.93	113295299	083549
9.243	6.79	16607544	060058
9.266	5.47	110676421	125429
9.269	2.95	258951788	194959
9.269	2.69	258951788	195013
9.28	1.88	93261341	115232
9.31	14.67	6742142	142945
9.31	2.33	221693462	192849
9.3200000000001	0.79	264114754	115809
9.337	2.97	16607544	172013
9.341	9.50	308691184	151439
9.343	4.63	12242112	152832
9.347	2.05	93261341	115717
9.37	1.84	145374496	101007
9.385	7.49	264114754	112110
9.393	21.18	390079493	093647
9.396	2.72	145374496	091131
9.396	6.06	30548697	070041
9.411	1.62	60185349	200421
9.415	0.36	1966496491	175240
9.415	1.57	1966496491	175243
9.415	0.20	1966496491	175247
9.415	0.96	1966496491	175249
9.442	5.66	30548697	060614
9.51	6.30	300473801	095056
9.543	2.00	184572424	070555
9.556	2.22	4234351	091644
9.562	3.26	105633590	060649
9.593	0.48	2303859046	154404
9.6	6.44	30548697	175713
9.6950000000001	1.89	184572424	070055
9.7	2.28	221693462	122841
9.7	2.41	1966496491	170017
9.7	0.41	1966496491	172521
9.71	1.34	16607544	182624
9.74	14.29	97702892	200949
9.766	11.34	207548660	123529
9.795	3.67	264114754	085247
9.87	2.71	30548697	230219
9.91	0.72	1966496491	164509
9.913	2.68	25060901	184440
9.92	2.43	1966496491	161936
9.94	25.00	97702892	145501
9.94	5.34	119464009	164244
9.94	5.64	30548697	061714
9.9450000000001	2.19	221693462	055540
9.95	3.17	16607544	155104
9.956	12.52	97702892	194240
9.972	6.32	70502985	182918
9.99	2.39	12242112	151208
10	5.51	4234351	074036
10.025	6.20	15027500	161832
10.058	2.58	235577089	064953
10.061	7.07	126581341	191925
10.069	11.36	588227770	043223
10.1	17.53	97702892	152610
10.1	1.32	221693462	055223
10.11	5.48	4234351	071219
10.11	5.78	4234351	063444
10.11	3.26	187296473	160014
10.118	10.08	560236286	162053
10.12	7.57	244251375	155201
10.146	24.46	232959045	150652
10.196	22.76	123233730	150453
10.197	3.99	110676421	112224
10.23	6.16	23310545	071536
10.26	9.12	23310545	063309
10.26	2.31	28980704	055903
10.27	3.31	264114754	102636
10.29	3.74	141303505	172540
10.293	1.13	16607544	151108
10.327	9.61	97702892	190744
10.327	9.61	97702892	191231
10.34	0.91	109176892	132520
10.34	2.53	19390137	153216
10.36	1.93	145374496	145330
10.38	9.22	354493552	152115
10.394	1.48	184572424	070728
10.4	3.78	140865459	103208
10.434	3.65	12242112	141719
10.44	2.33	1966496491	220108
10.45	5.62	4234351	083943
10.45	2.22	28980704	060439
10.49	3.10	97768668	113611
10.5	22.50	232959045	121733
10.5	1.06	221693462	083709
10.55	5.51	4234351	070828
10.57	1.90	109176892	144018
10.58	2.05	341000033	101230
10.608	32.24	232959045	123852
10.616	4.01	16607544	182119
10.64	2.68	16607544	100222
10.64	1.59	1966496491	111005
10.64	2.16	1966496491	111006
10.66	14.82	207548660	202438
10.664	2.24	184572424	163932
10.68	2.76	12242112	143205
10.69	2.05	28980704	060159
10.73	14.91	242341414	124837
10.74	0.70	1966496491	164526
10.74	0.76	1966496491	165025
10.746	1.60	145374496	140801
10.79	4.64	145374496	103134
10.81	3.00	221693462	144644
10.83	21.43	232959045	121135
10.849	1.79	4234351	084035
10.87	2.62	23310545	065656
10.884	3.32	12242112	184306
10.89	1.34	110676421	125648
10.927	4.76	297600729	130954
10.961	13.51	16607544	113106
10.99	1.88	93261341	114826
10.99	4	44878280	112124
11	5.52	4234351	064014
11.006	2.16	187296473	141427
11.007	2.02	184572424	150730
11.007	0.32	184572424	151604
11.019	0.84	1966496491	223231
11.019	0.65	1966496491	225642
11.02	2.14	1966496491	200156
11.02	2.43	1966496491	204720
11.07	5.70	18945972	162511
11.07	0.56	23310545	063921
11.077	6.01	97702892	145340
11.077	6.01	97702892	145819
11.1	9.17	115412477	201837
11.1	9.17	115412477	202737
11.114	3.80	141303505	101229
11.14	2.27	221693462	163852
11.145	3.82	14698389	180105
11.199	26.00	97702892	161055
11.214	5.32	783366188	190509
11.214	11.29	97702892	202511
11.231	4.47	145374496	092100
11.234	13.12	97702892	140838
11.24	2.07	28980704	060100
11.257	1.13	1966496491	150400
11.257	0.33	1966496491	150400
11.257	0.24	1966496491	152532
11.26	5.72	30548697	061310
11.3	16.34	12242112	145321
11.3	5.84	56728520	111117
11.344	1.02	109176892	132933
11.35	3.70	28951257	055644
11.356	2.74	60661717	171703
11.36	17.96	145374496	205912
11.38	16.64	207548660	185242
11.462	0.83	1966496491	194317
11.471	20.84	390079493	160342
11.476	1.79	851221952	200042
11.476	24.03	89022692	202259
11.508	3.04	515763543	054207
11.53	2.49	28980704	063739
11.547	9.07	52506896	120839
11.564	50.09	118096208	224108
11.577	3.22	4234351	051559
11.61	1.76	184572424	164831
11.62	6.58	23310545	180437
11.631	2.58	4234351	083040
11.648	25.43	337031066	101904
11.677	1.72	221693462	055104
11.68	1.29	145374496	094225
11.692	1.29	145374496	084025
11.693	4.29	146133904	211238
11.693	3.80	272631223	191020
11.707	2.43	14698389	154328
11.745	4.32	40700990	162032
11.745	5.70	783366188	175739
11.759	6.60	227220378	083147
11.76	2.14	115412477	183452
11.77	8.97	264114754	094512
11.77	5.99	30548697	082913
11.779	3.36	12242112	185344
11.78	4.45	23310545	191156
11.784	5.68	16681864	131617
11.8	2.36	135488448	192635
11.818	2.56	8733352	175900
11.818	10.55	91418753	195221
11.85	2.65	142258903	190523
11.851	6.22	232959045	145640
11.852	1.30	187296473	082619
11.872	1.44	16607544	062209
11.894	2.64	8733352	065826
11.894	2.69	8733352	071541
11.898	3.85	187296473	120210
11.9	17.36	390079493	102558
11.902	1.85	184572424	070739
11.918	4.27	105798199	105155
11.919	4.39	48278174	230752
11.92	2.47	28980704	063346
11.93	2.77	4234351	202435
11.94	2.46	28980704	063657
11.945	3.89	4234351	151006
11.998	6.12	30548697	182339
11.998	2.12	339169398	162933
12	2.64	221693462	131840
12	2.06	187296473	141245
12	2.33	221693462	184931
12.006	3.16	16607544	154810
12.01	7.66	23310545	192727
12.025	15.04	207548660	183221
12.03	9.20	23310545	135837
12.06	5.69	30548697	061200
12.077	2.49	18945972	194646
12.09	2.48	28980704	063530
12.116	5.70	30548697	164943
12.117	3.30	4234351	051726
12.117	0.97	221693462	060648
12.15	3.01	145374496	124355
12.17	1.09	28980704	211112
12.177	4.72	110676421	152507
12.178	25.75	2622702778	115604
12.19	3.37	28560769	075826
12.21	4.07	96792836	182045
12.217	0.96	1966496491	210612
12.226	1.28	1966496491	213551
12.25	4.01	23310545	073530
12.285	5.44	21477444	115925
12.29	5.71	52194842	203237
12.34	5.77	23310545	070129
12.343	9.18	41199220	151503
12.38	5.38	51518999	071108
12.388	0.80	1966496491	190719
12.388	0.53	1966496491	190721
12.388	0.20	1966496491	190721
12.42	5.79	23310545	064951
12.42	2.01	23310545	203614
12.43	0.28	19389792	145810
12.458	1.23	261463896	194418
12.47	4.28	52194842	200717
12.48	2.27	97768668	055428
12.496	2.73	54975595	135809
12.5	2.59	126581341	094847
12.512	1.02	18106525	063545
12.53	0.73	1966496491	185612
12.54	5.16	56728520	111520
12.55	2.68	14698389	202716
12.56	3.30	23310545	191439
12.56	2.56	28980704	200318
12.566	6.92	222572490	164427
12.589	1.98	145374496	184025
12.59	3.11	145374496	184912
12.62	1.24	145374496	185711
12.63	17.07	592710124	171338
12.639	39.01	145374496	181722
12.64	4.45	23310545	074329
12.649	42.46	337031066	121245
12.649	1.90	93261341	105227
12.65	2.64	145374496	195255
12.668	1.12	18337972	191354
12.7	1.91	1966496491	234635
12.703	5.07	31090005	192903
12.71	2.66	145374496	201206
12.717	5.11	28560769	083805
12.717	1.83	145374496	095014
12.719	4.35	556042740	143737
12.72	1.15	221693462	120637
12.74	4.63	14583418	082011
12.744	3.94	23310545	204651
12.748	0.62	1966496491	123250
12.748	0.66	1966496491	123251
12.8	3.56	112198490	175805
12.814	3.34	12242112	151744
12.814	3.34	12242112	152237
12.817	1.83	115412477	172148
12.82	1.24	145374496	193131
12.822	1.01	221693462	054151
12.822	3.25	4234351	050143
12.837	1.76	30548697	172650
12.837	6.49	105633590	095741
12.837	10.50	264114754	104055
12.868	7.56	2269350800	150444
12.876	2.37	46198458	161121
12.89	6.40	227220378	081325
12.9	4.56	52194842	190554
12.917	6.49	264114754	082212
12.929	6.52	200605175	183521
12.94	1.56	145374496	183058
12.944	5.74	264114754	105505
12.95	4.86	14077580	211549
13	5.87	30548697	203300
13	0.30	30548697	052021
13	5.94	30548697	060432
13	7.68	4234351	181537
13.003	7.41	200605175	180839
13.003	10.31	126581341	192658
13.016	3.40	44878280	182536
13.02	14.29	207548660	195505
13.03	3.33	121214544	183332
13.032	12.12	15027500	050507
13.04	2.10	28980704	055900
13.049	6.56	121214544	173602
13.05	4.01	23310545	105910
13.084	16.77	242341414	110134
13.1	1.83	145374496	112639
13.138	3.03	154811267	194314
13.148	42.60	232959045	140514
13.148	45.38	97702892	145757
13.15	1.37	1966496491	102101
13.15	0.99	1966496491	102104
13.16	1.70	145374496	183815
13.175	5.13	3042506861	151153
13.2	2.80	145374496	194721
13.2	2.29	2169667183	141648
13.2	4.86	192580524	090002
13.2	6.45	180500404	195846
13.21	0.54	1966496491	094844
13.21	2.57	1966496491	094846
13.21	11.72	215173323	172507
13.21	6.35	331800633	065112
13.22	5.72	52194842	194333
13.23	2.21	28980704	061245
13.24	5.64	23310545	074741
13.245	2.60	28560769	075608
13.255	5.36	141303505	155648
13.27	3.01	209656436	061408
13.27	2.34	1966496491	202337
13.28	5.95	121214544	023800
13.285	25.77	123233730	134617
13.285	7.14	228857960	144523
13.285	6.18	258951788	134850
13.29	5.18	33965288	201816
13.313	5.78	30548697	161215
13.318	2.70	145374496	095436
13.32	5.38	51518999	063552
13.329	2.32	1966496491	164308
13.329	2.37	1966496491	171230
13.334	8.12	255081751	134146
13.34	6.44	52194842	192206
13.34	5.63	23310545	072342
13.342	1.03	52022364	090853
13.348	2.31	97702892	161259
13.348	2.31	97702892	161737
13.37	2.44	28980704	062749
13.38	2.49	23310545	123940
13.382	2.02	14698389	151244
13.39	16.32	207548660	185610
13.398	1.65	60185349	105823
13.4	4.50	52194842	181014
13.42	14.42	232959045	103137
13.425	41.84	337031066	142242
13.435	15.21	454952840	100749
13.435	10.34	98650559	121234
13.443	0.94	1966496491	194205
13.45	2.45	1966496491	202606
13.457	15.11	207548660	180339
13.48	4.17	55905940	185644
13.49	2.53	23310545	180814
13.512	1.36	145374496	165319
13.52	1.98	28980704	061425
13.53	3.51	145374496	122448
13.544	5.60	103795246	193013
13.55	6.59	30548697	162125
13.56	2.43	28980704	191029
13.56	2.97	23310545	071527
13.57	2.51	28980704	065746
13.59	1.97	4234351	055535
13.59	7.45	354493552	053103
13.62	1.54	23310545	065633
13.62	2.42	23310545	224233
13.63	4.77	23310545	203714
13.64	3.82	52194842	200420
13.65	2.14	28980704	055738
13.65	6.49	23310545	071321
13.66	0.75	1966496491	175531
13.66	3.19	145374496	182337
13.67	4.63	23310545	201800
13.67	3.50	28980704	193725
13.67	2.12	28980704	063718
13.67	4.87	23310545	074800
13.69	4.87	23310545	191718
13.707	5.24	581634589	090928
13.71	1.97	28980704	205921
13.729	9.25	272631223	181605
13.745	5.05	121508946	120518
13.75	10.30	36926785	193605
13.75	3.34	23310545	164412
13.769	1.05	36926785	105843
13.79	3.83	23310545	175244
13.8	3.71	28980704	060935
13.82	2.56	28980704	070536
13.82	1.73	145374496	191254
13.828	1.97	93261341	105646
13.83	0.74	1966496491	175530
13.84	2.34	145374496	171606
13.85	3.97	23310545	174250
13.86	2.50	16607544	073300
13.86	100.00	238923733	203048
13.876	0.03	48278174	212338
13.95	3.76	23310545	173804
13.957	0.02	129441013	094104
13.96	0.22	76457580	163114
13.96	4.31	23310545	112853
13.96	2.46	28980704	061537
13.96	2.04	28980704	062315
13.97	4.08	851221952	202423
13.97	2.18	23310545	171717
13.97	2.39	23310545	061956
13.97	5.99	331800633	085408
14	4.52	23310545	175231
14	4.20	53191588	195713
14.01	4.83	16607544	072946
14.01	1.26	145374496	193716
14.02	4.88	23310545	070840
14.03	2.38	52194842	185036
14.03	2.12	23310545	174325
14.03	3.64	1091609911	061010
14.037	2.11	1966496491	110524
14.04	2.57	145374496	192041
14.04	6.17	618346666	181308
14.05	6.71	16607544	180538
14.051	2.65	8733352	070634
14.06	2.07	28980704	055412
14.06	1.22	145374496	090257
14.07	1.04	1966496491	175515
14.08	6.09	52372281	123011
14.08	4.74	52194842	193030
14.111	1.79	116895377	100613
14.111	5.37	52372281	124413
14.13	2.06	97768668	035840
14.134	5.41	28560769	085651
14.148	3.51	4234351	114809
14.15	0.45	1966496491	174740
14.157	3.89	2169667183	093057
14.163	5.21	155303932	165335
14.163	5.21	155303932	165746
14.178	0.84	339169398	085538
14.18	2.22	145374496	181227
14.19	3.23	23310545	183854
14.2	4.18	23310545	070100
14.206	1.17	145374496	091138
14.27	12.07	23310545	181025
14.28	9.40	1898361763	114228
14.29	0.33	28980704	083423
14.29	2.32	1966496491	173429
14.3	2.80	1966496491	173428
14.3	2.63	145374496	190306
14.309	3.10	14698389	112845
14.32	4.30	23310545	073143
14.348	7.65	129441013	143430
14.36	3.01	28560769	154453
14.37	3.53	468725726	082342
14.39	2.38	1966496491	202918
14.39	1.81	33965288	174030
14.41	5.63	23310545	112558
14.41	3.64	28560769	072650
14.411	2.43	145374496	101808
14.43	1.97	187296473	084354
14.434	3.28	121214544	182200
14.44	5.23	23310545	174018
14.44	3.85	23310545	070143
14.446	5.58	110676421	114620
14.45	14.84	62219396	164036
14.45	3.13	23310545	110510
14.45	5.99	145374496	190903
14.46	2.41	23310545	174934
14.46	4.18	23310545	182545
14.47	1.30	145374496	105319
14.484	1.43	218042866	145342
14.487	6.86	96792836	184106
14.49	1.65	145374496	184932
14.49	1.65	145374496	185004
14.494	0.54	115758373	105611
14.494	3.51	145374496	103423
14.5	2.06	4234351	090628
14.52	4.00	12242112	153715
14.52	2.97	15027500	194354
14.54	2.90	28980704	091409
14.543	8.20	41199220	163638
14.563	0.37	145374496	070452
14.567	5.02	14698389	165033
14.574	4.88	12242112	152032
14.58	2.04	20312265	183624
14.598	12.66	7074622	140705
14.598	67.89	7074622	140816
14.6	1.67	21477444	081024
14.6	1.98	136946165	195037
14.61	3.41	23310545	181657
14.622	5.12	8733352	183536
14.63	3.03	25130781	183350
14.63	16.46	1898361763	115137
14.63	4.00	214869742	190109
14.63	4.35	618346666	082832
14.65	10.44	126581341	192051
14.65	10.44	126581341	192544
14.66	2.50	26544296	173848
14.67	13.83	68494360	160651
14.68	3.84	23310545	173239
14.69	1.23	145374496	181158
14.697	28.34	12242112	163025
14.7	2.84	14077580	172153
14.71	0.72	97768668	205452
14.71	6.98	264114754	110454
14.72	17.29	264114754	144203
14.73	23.21	97702892	160253
14.74	6.68	322195121	140911
14.74	2.06	1966496491	173426
14.74	2.29	1966496491	101009
14.746	4.77	96792836	174316
14.75	3.26	23310545	073653
14.75	6.24	180500404	191357
14.76	6.72	618346666	081908
14.76	3.69	142258903	174802
14.769	12.77	115758373	150003
14.78	10.42	18776714	195133
14.78	13.81	618346666	085729
14.8	5.64	28528295	180446
14.8	5.64	28528295	180927
14.8	9.77	53628453	202315
14.81	1.60	122299396	093849
14.817	19.55	390079493	092834
14.827	1.33	46198458	131326
14.835	7.55	30498392	134915
14.838	0.84	1966496491	141221
14.838	2.67	1966496491	141222
14.838	1.72	1966496491	141225
14.85	32.72	232959045	130922
14.86	5.86	97768668	174111
14.88	4.30	42021155	105527
14.88	3.55	115412477	205524
14.89	7.16	96121767	173540
14.89	2.45	28980704	162425
14.9	5.72	23310545	073418
14.91	5.25	115412477	213101
14.92	17.99	220423064	093117
14.92	6.74	42456306	200341
14.94	4.15	14077580	170206
14.94	7.64	116895377	073353
14.96	1.03	197878187	070242
15	4.49	52194842	073352
15	2.42	16607544	173426
15	3.11	145374496	184616
15	2.75	145374496	191558
15	5.50	30548697	061048
15	0.76	16607544	123941
15	10.78	180500404	193113
15	1.79	145374496	194828
15	1.36	187296473	125055
15	2.65	145374496	183918
15	5.45	52194842	185733
15.008	5.82	33965288	173417
15.01	1.18	28980704	185644
15.04	2.04	23310545	202808
15.05	4.74	618346666	175944
15.054	5.23	496361610	101142
15.058	5.14	25837323	195102
15.058	5.51	30548697	195357
15.06	1.42	181715005	195938
15.07	2.75	145374496	185608
15.075	1.68	16607544	181309
15.09	3.37	15027500	185933
15.09	7.24	23310545	070140
15.1	8.74	208473284	183705
15.11	9.58	23310545	081659
15.13	2.80	362983875	114139
15.15	6.07	23310545	114227
15.15	2.32	121508946	140810
15.153	20.79	207548660	174934
15.158	10.50	264114754	104814
15.158	10.50	264114754	105236
15.16	3.06	332169234	060325
15.16	3.06	332169234	060327
15.16	5.19	23310545	062002
15.16	1.53	145374496	084014
15.19	5.90	23310545	180137
15.19	2.48	23310545	175136
15.19	11.29	218042866	110250
15.201	8.07	264114754	105810
15.21	3.58	15027500	125056
15.212	13.66	1898361763	120333
15.22	1.99	145374496	094146
15.22	3.80	23310545	172828
15.23	10.24	52194842	092500
15.24	2.16	23310545	173842
15.24	6.66	16607544	101303
15.25	2.64	109176892	093707
15.26	2.53	282945943	143317
15.28	4.07	300473801	193522
15.28	1.26	145374496	183740
15.296	4.45	14698389	145702
15.307	3.07	28560769	080011
15.31	3.17	142258903	184734
15.31	5.94	23310545	174706
15.312	1.57	1966496491	171850
15.312	0.35	1966496491	174022
15.312	1.67	1966496491	180411
15.32	1.08	145374496	181434
15.325	7.86	145374496	172939
15.33	0.22	145374496	182520
15.34	2.90	4234351	084155
15.34	9.12	126581341	192513
15.34	1.09	28980704	065944
15.35	1.56	16607544	165416
15.36	2.65	145374496	105651
15.36	5.01	23310545	182443
15.384	1.77	184572424	070636
15.39	3.22	23310545	084007
15.4	4.99	23310545	115053
15.416	5.00	145374496	112036
15.423	26.32	123233730	144747
15.439	42.14	97702892	161417
15.44	21.24	145374496	162807
15.44	6.47	145374496	164615
15.44	4.44	214869742	190257
15.45	1.05	1091609911	214839
15.45	7.25	40357628	173024
15.46	30.32	164181605	100304
15.469	7.60	618346666	155134
15.47	2.45	23310545	072532
15.478	2.05	221693462	062555
15.48	2.27	145374496	183432
15.49	4.90	19088243	151928
15.49	2.52	1966496491	181035
15.5	4.15	26544296	184151
15.52	3.82	23310545	073032
15.52	4.59	116895377	201802
15.52	6.36	23310545	075051
15.53	8.30	352182609	111431
15.54	2.02	565763549	123532
15.55	2.50	36926785	111841
15.56	3.24	28980704	101713
15.56	4.48	354493552	133912
15.56	6.01	30548697	154804
15.577	6.26	89022692	153809
15.58	2.44	28980704	173028
15.59	11.39	269966317	184301
15.6	6.06	30548697	061920
15.62	2.81	15027500	183859
15.62	7.19	52194842	204812
15.62	4.37	52194842	194746
15.62	7.40	23310545	183422
15.63	1.58	23310545	121838
15.64	4.54	125012549	112555
15.65	2.51	329587681	180215
15.65	2.51	329587681	180701
15.65	6.09	116865153	133100
15.65	5.75	30548697	154312
15.65	0.39	28980704	081116
15.66	1.37	145374496	183332
15.66	3.85	28980704	101521
15.66	7.00	331800633	102404
15.66	2.87	145374496	182902
15.66	0.57	17186158	150345
15.66	3.43	17186158	140350
15.66	0.62	17186158	161054
15.67	3.07	16607544	070944
15.67	2.58	1966496491	213935
15.67	2.58	28980704	064459
15.67	1.60	48986364	160956
15.67	0.66	331800633	105312
15.67	2.37	28980704	061158
15.7	11.09	228543602	052847
15.716	36.67	232959045	134635
15.72	0.41	28980704	080451
15.72	3.07	331800633	084737
15.72	8.25	102626378	075407
15.73	3.90	23310545	112426
15.73	11.01	155303932	085726
15.73	2.20	109176892	083816
15.74	1.65	23310545	173626
15.74	2.51	28980704	065904
15.76	3.70	18698441	185934
15.76	8.62	317229298	192715
15.76	11.77	97702892	103725
15.77	3.72	23310545	134950
15.77	2.45	28980704	155852
15.77	3.46	145374496	191627
15.77	1.03	187296473	105652
15.78	2.92	321016726	180153
15.8	7.05	105798199	190256
15.81	7.00	155303932	084848
15.81	6.16	23310545	155816
15.83	15.94	23310545	182948
15.83	6.15	129980658	135940
15.83	1.73	376647881	130207
15.83	6.16	354493552	062746
15.85	5.94	23310545	073222
15.86	6.15	207548660	175828
15.869	5.06	145374496	190752
15.88	0.67	197878187	211143
15.88	3.10	28980704	104619
15.895	11.44	220423064	143704
15.9	8.93	180700968	052243
15.93	3.24	23310545	070202
15.94	20.40	97702892	183137
15.94	19.74	390079493	095246
15.95	5.39	2203036656	160714
15.95	1.84	145374496	184205
15.953	7.21	16681864	082328
15.96	7.01	16607544	085247
15.966	6.11	556042740	114851
15.97	3.92	26544296	182606
16	3.11	145374496	185415
16	5.35	4234351	143932
16	2.65	145374496	105722
16	1.21	145374496	183259
16	3.56	28560769	105651
16	1.67	232307957	163656
16	8.83	16607544	100136
16	6.25	145374496	191332
16	11.70	53628453	163547
16.01	2.50	2169667183	171026
16.01	7.83	555358374	175518
16.01	7.37	16607544	075022
16.01	6.66	23310545	075008
16.01	9.44	322817477	080123
16.01	1.25	187296473	083822
16.01	5.38	116895377	081223
16.02	0.47	145374496	185736
16.027	2.64	55905940	194246
16.03	22.56	97702892	155803
16.038	3.34	25060901	152337
16.039	1.59	93261341	110259
16.04	1.50	17186158	190210
16.04	5.91	30548697	063941
16.04	6.01	23310545	112844
16.06	6.49	146133904	175400
16.06	6.11	331800633	071750
16.06	6.25	23310545	072338
16.061	13.12	97702892	201420
16.061	13.12	97702892	201909
16.07	4.76	23310545	070651
16.08	6.57	23310545	185159
16.08	3.43	145374496	100131
16.08	2.22	145374496	181258
16.09	5.12	64370710	081135
16.11	3.91	16607544	055919
16.11	4.05	15530287	194636
16.118	1.79	1966496491	183226
16.118	0.34	1966496491	183232
16.118	2.85	1966496491	183242
16.118	1.98	93261341	105649
16.12	0.40	1966496491	175020
16.135	4.20	21477444	120635
16.16	2.78	145374496	102638
16.162	0.56	1966496491	171217
16.162	2.07	1966496491	174108
16.17	2.87	308691184	192402
16.18	5.13	23310545	123602
16.19	2.60	28980704	070727
16.19	4.79	16607544	181154
16.194	2.39	258951788	155259
16.2	4.54	23310545	181855
16.206	0.11	4234351	183327
16.21	9.29	53628453	212404
16.24	9.44	322817477	183003
16.24	7.05	332790151	133928
16.248	11.82	97702892	135318
16.26	6.42	257462763	191745
16.26	2.04	131548292	171219
16.263	4.99	581634589	084924
16.278	3.28	4234351	051430
16.3	9.48	322817477	080358
16.3	2.03	4234351	084706
16.34	2.26	1966496491	170657
16.34	6.85	23310545	181033
16.34	3.88	16607544	181709
16.34	2.24	12242112	165622
16.36	4.93	23310545	100329
16.36	2.53	28980704	061325
16.36	0.83	17186158	125425
16.37	6.59	23310545	063704
16.37	7.19	23310545	064943
16.37	3.95	28560769	081634
16.38	11.01	269966317	184341
16.38	2.31	16607544	174559
16.39	6.04	246829884	084827
16.39	3.23	23310545	103152
16.4	5.68	33559846	164425
16.4	2.25	27000607	171830
16.4	2.67	28980704	180812
16.4	3.52	112198490	201513
16.41	5.73	23310545	075330
16.41	11.66	269966317	185610
16.41	2.88	12242112	170258
16.42	5.68	28528295	191643
16.43	5.15	52194842	183253
16.448	2.78	114809110	170936
16.448	13.54	1898361763	170232
16.45	3.43	17186158	140350
16.45	5.75	23310545	070622
16.46	6.01	200605175	180144
16.46	2.64	46198458	062737
16.469	2.70	25060901	142451
16.47	3.29	23310545	110908
16.473	6.76	97702892	144939
16.473	6.76	97702892	145057
16.48	2.25	23310545	175445
16.48	6.77	122722547	082206
16.49	0.94	40357628	101249
16.49	8.89	23310545	134549
16.49	4.79	16607544	065614
16.49	6.19	126581341	192228
16.49	7.15	23310545	115257
16.49	2.92	28560769	114529
16.5	4.41	23310545	112122
16.5	18.29	49563818	122957
16.52	5.94	297600729	190454
16.52	1.04	145374496	184447
16.52	0.60	64050652	173102
16.52	4.81	64050652	175300
16.53	5.15	332790151	113652
16.53	4.99	23310545	115053
16.54	4.23	23310545	182824
16.54	2.18	329587681	175655
16.55	7.70	340951243	084207
16.56	5.39	23310545	111452
16.56	14.01	97702892	203152
16.57	2.51	145374496	194228
16.57	7.11	91967205	060151
16.6	4.86	23310545	071317
16.6	2.27	16607544	170035
16.61	5.85	30548697	070439
16.61	4.00	23310545	181543
16.612	25.02	295056069	165642
16.62	1.85	26544296	173104
16.63	1.04	145374496	184459
16.64	13.70	390079493	095723
16.64	6.29	23310545	072904
16.64	4.59	16607544	181342
16.65	4.16	16607544	141716
16.65	2.03	145374496	145437
16.66	5.47	79958562	140704
16.66	8.88	180500404	082329
16.66	5.30	246829884	205905
16.67	1.75	145374496	181813
16.67	0.13	145374496	185031
16.67	4.38	52194842	203521
16.67	2.42	28980704	194702
16.68	26.42	96753517	113203
16.68	0.20	145374496	174521
16.68	0.20	145374496	175514
16.68	4.53	23310545	164853
16.68	2.01	40357628	110839
16.68	2.54	145374496	200646
16.68	5.66	145374496	171300
16.69	3.42	332169234	164312
16.69	3.34	332169234	164317
16.7	2.46	23310545	153858
16.7	6.24	105233630	180137
16.7	4.23	23310545	072633
16.719	1.99	14698389	134009
16.73	5.24	146133904	175006
16.73	4.90	116895377	195513
16.73	6.15	180500404	205220
16.74	3.89	23310545	174501
16.74	7.45	23310545	183218
16.75	6.95	272631223	175712
16.75	4.64	23310545	112314
16.76	7.61	16607544	100736
16.76	8.25	97702892	194211
16.761	0.77	145374496	190446
16.78	2.82	321016726	173843
16.79	20.66	317229298	204843
16.79	0.85	1966496491	184316
16.804	3.47	145374496	224259
16.83	4.81	23310545	070107
16.87	3.39	221693462	164215
16.87	14.81	121508946	064041
16.87	0.33	28980704	080837
16.87	2.48	145374496	110121
16.871	2.36	145374496	183145
16.88	15.74	702734400	203609
16.88	5.30	180500404	193309
16.881	80.92	232959045	123315
16.89	6.43	354493552	191256
16.92	13.03	555358374	182640
16.94	2.71	22273137	131258
16.96	5.63	23310545	112500
16.97	5.01	376647881	115505
16.98	3.37	145374496	190953
17	2.93	16607544	170722
17	2.84	145374496	183716
17	2.00	187296473	131329
17	4.54	29008333	115639
17	6.75	23310545	085733
17	2.52	109176892	134615
17	2.28	16607544	175249
17	3.01	145374496	200754
17	3.07	145374496	200005
17	5.13	23310545	075504
17.01	3.52	145374496	184440
17.01	1.42	14583418	123112
17.01	3.51	97768668	190257
17.01	5.95	180500404	095556
17.013	4.49	99235254	141137
17.02	0.91	145374496	181109
17.022	4.46	187296473	120805
17.03	4.55	23310545	073331
17.03	1.99	1966496491	062536
17.05	2.79	23310545	071519
17.05	3.04	23310545	075428
17.05	2.20	52194842	200458
17.07	3.46	97768668	194125
17.07	27.63	30548697	111330
17.07	5.94	23310545	093528
17.088	38.28	232959045	141247
17.11	6.78	23310545	111529
17.11	24.72	354493552	195032
17.12	5.29	256574543	142408
17.12	6.01	97702892	200046
17.13	1.61	154501744	204024
17.15	5.74	30548697	153821
17.17	1.96	93261341	105956
17.17	4.83	23310545	075827
17.18	6.99	336140523	191648
17.18	2.50	1966496491	183150
17.19	0.17	76457580	164948
17.21	0.56	218042866	215952
17.21	9.95	555358374	175211
17.21	3.13	22273137	122853
17.21	2.54	28980704	064129
17.21	2.24	28980704	060057
17.22	7.69	23310545	105028
17.22	2.44	4234351	195548
17.22	5.87	23310545	080529
17.23	2.14	12242112	153659
17.24	2.42	16607544	175448
17.246	1.01	78837995	111946
17.25	15.04	97702892	161755
17.25	12.02	242341414	125104
17.25	22.24	220423064	095919
17.25	5.58	457351240	160610
17.265	2.03	310728308	175032
17.27	2.78	26544296	175443
17.27	2.97	23310545	181010
17.28	1.73	1966496491	151554
17.28	1.40	1966496491	151555
17.28	0.63	1966496491	153025
17.28	0.90	187296473	192214
17.28	4.71	52194842	193136
17.286	3.84	1325443206	154023
17.289	41.01	454952840	144705
17.29	4.10	131548292	111040
17.3	3.25	52194842	104738
17.318	24.39	97702892	153406
17.318	24.39	97702892	153826
17.32	1.10	23310545	171008
17.32	4.88	23310545	174810
17.32	2.89	12242112	160151
17.33	2.51	109176892	091945
17.33	2.99	1966496491	103622
17.33	2.50	145374496	192726
17.34	1.94	275589773	093915
17.34	1.72	145374496	104025
17.34	7.81	390079493	085403
17.344	2.08	14698389	154956
17.344	5.18	99235254	140946
17.35	3.80	771556274	074102
17.36	0.72	97768668	205452
17.36	3.29	145374496	182118
17.36	10.82	1898361763	135339
17.36	7.20	180500404	195032
17.36	0.62	1966496491	160544
17.36	4.95	23310545	074504
17.37	2.01	4234351	090648
17.37	2.01	4234351	090813
17.37	1.25	145374496	203218
17.39	3.56	145374496	204354
17.39	3.28	105633590	060331
17.4	3.17	23310545	173050
17.4	4.58	52194842	181448
17.43	17.67	220423064	034922
17.44	5.47	52194842	200707
17.44	1.05	28980704	061208
17.44	1.90	93261341	110117
17.44	3.58	145374496	095823
17.45	1.55	20984554	090720
17.45	1.53	20984554	092607
17.45	1.27	20984554	092741
17.45	4.25	23310545	175651
17.45	2.04	23310545	210605
17.453	1.36	339169398	141448
17.46	4.61	23310545	220909
17.46	7.43	23310545	181006
17.47	7.48	97702892	140315
17.47	8.39	3193417426	104641
17.48	0.77	187296473	164840
17.48	11.25	1322076380	170252
17.5	9.91	93261341	180553
17.505	16.63	238923733	153559
17.52	2.81	409113863	153720
17.52	5.06	28528295	174244
17.522	2.88	1966496491	115456
17.53	3.59	214869742	181800
17.53	9.65	322817477	075300
17.53	7.37	23310545	130820
17.53	24.13	220423064	034906
17.53	2.05	145374496	194849
17.532	2.68	16607544	180609
17.537	3.75	52372281	081418
17.55	5.09	96121767	171334
17.56	4.05	1325443206	102740
17.56	1.14	1966496491	184044
17.56	0.19	1966496491	184359
17.562	16.35	19017791	093926
17.562	18.45	242341414	115037
17.57	2.32	1966496491	210020
17.57	1.02	26544296	090740
17.57	2.49	23310545	155454
17.573	5.44	272631223	095554
17.58	5.97	30548697	064126
17.59	0.80	52194842	195853
17.59	2.15	354493552	093632
17.61	21.01	155303932	132337
17.623	1.91	184572424	154746
17.63	11.40	269966317	185142
17.65	6.71	200605175	180438
17.66	11.74	192580524	142043
17.66	1.92	145374496	092304
17.66	5.53	197878187	202619
17.66	7.39	23310545	181749
17.66	1.59	16607544	181936
17.68	1.42	145374496	185443
17.68	3.77	23310545	111522
17.69	2.36	321016726	152307
17.697	5.75	45590178	180429
17.7	0.86	1966496491	161522
17.71	1.47	25130781	135942
17.72	1.86	20984554	092633
17.72	1.25	20984554	092720
17.74	7.06	23310545	170243
17.75	1.24	4234351	075558
17.76	9.60	163574974	183758
17.765	2.92	15027500	154003
17.78	4.10	145374496	102848
17.797	6.72	15027500	163123
17.8	1.73	28980704	173131
17.81	7.14	618346666	160221
17.81	3.00	115412477	070457
17.82	7.90	180500404	193631
17.83	2.31	145374496	183403
17.83	1.80	187296473	120545
17.83	3.36	12242112	174030
17.83	2.50	28980704	070408
17.84	3.22	23310545	111043
17.85	39.78	164181605	112045
17.86	2.40	1966496491	165416
17.86	8.26	102626378	082115
17.87	3.91	52194842	202624
17.88	5.36	121214544	142155
17.89	3.42	4234351	095013
17.89	1.26	1966496491	001337
17.9	4.94	180500404	193601
17.9	1.97	1966496491	233529
17.9	2.31	28980704	060445
17.9	1.18	1966496491	233530
17.9	5.80	52194842	083928
17.91	2.58	17186158	150053
17.93	4.96	23310545	162307
17.93	1.61	703102505	163627
17.93	3.15	28980704	164621
17.93	5.90	24009162	125603
17.93	1.96	187296473	132017
17.95	4.95	26544296	184857
17.96	1.82	23310545	181222
17.96	5.90	23310545	183027
17.963	2.88	8733352	172048
17.97	6.62	180500404	193306
17.98	7.92	272631223	180948
17.99	2.27	89205477	212310
18	2.07	132614376	113158
18	1.61	289228817	142107
18	0.60	851221952	182032
18	3.21	145374496	192625
18	2.44	145374496	193446
18	6.45	180500404	204215
18	1.76	145374496	182952
18	5.09	23310545	075611
18.01	1.51	187296473	105654
18.01	8.52	23310545	144039
18.02	5.13	12242112	172436
18.024	0.16	1966496491	153218
18.024	0.47	1966496491	153218
18.024	1.21	1966496491	153219
18.037	21.92	220423064	092844
18.04	2.02	145374496	181922
18.06	9.31	23310545	082621
18.06	15.95	16607544	103449
18.07	1.31	145374496	183544
18.07	4.49	30498392	134214
18.08	1.62	1966496491	093139
18.08	0.80	1966496491	095644
18.09	5.46	23310545	093826
18.09	2.08	16607544	180930
18.09	2.47	15027500	091331
18.1	1.18	23310545	172607
18.1	1.18	23310545	172603
18.1	3.17	145374496	123900
18.1	1.77	16607544	064004
18.11	4.21	24009162	144303
18.12	4.74	24746544	192858
18.13	5.04	96121767	172332
18.13	26.77	148888931	180607
18.13	9.09	55267951	185734
18.14	5.95	23310545	115319
18.14	5.16	52194842	192123
18.14	6.61	52194842	185107
18.15	1.61	28980704	165701
18.15	1.56	1966496491	000229
18.16	2.94	145374496	195109
18.18	5.36	180500404	172318
18.2	4.74	23310545	173658
18.2	3.52	12242112	145111
18.21	5.38	146133904	175152
18.22	10.59	1590439304	195843
18.22	2.54	12242112	201241
18.23	1.76	20984554	202820
18.23	4.55	362983875	084849
18.23	7.27	180500404	080012
18.23	9.37	25837323	202159
18.24	8.43	61578393	194853
18.25	1.22	1966496491	202626
18.26	3.05	145374496	195254
18.27	6.33	180500404	200520
18.28	2.08	28980704	070217
18.29	10.83	42021155	114102
18.3	2.39	28980704	160317
18.3	2.50	23310545	171854
18.35	2.43	28980704	065452
18.36	3.36	52372281	132659
18.36	1.75	23310545	094934
18.38	2.40	28980704	063457
18.39	6.71	222753370	094222
18.39	2.23	28980704	060334
18.4	6.35	180500404	185210
18.4	3.50	79958562	114859
18.41	22.19	220423064	103547
18.41	3.50	23310545	173833
18.41	1.11	23310545	172351
18.41	26.11	23310545	181136
18.42	6.94	16607544	061031
18.42	7.18	180900775	174326
18.427	1.97	14698389	154028
18.46	3.18	23310545	153638
18.46	10.14	269966317	111028
18.46	3.03	23310545	172635
18.463	0.87	1966496491	160514
18.463	0.21	1966496491	161223
18.463	0.36	1966496491	162602
18.463	0.30	1966496491	162603
18.463	3.41	1966496491	172456
18.463	0.56	1966496491	172953
18.47	0.68	78914837	110627
18.47	6.38	78914837	114609
18.47	1.87	23310545	114432
18.471	1.23	1966496491	184136
18.472	4.36	116895377	112657
18.49	0.77	187296473	190045
18.49	9.42	322817477	072845
18.51	3.37	28980704	094720
18.52	2.19	329587681	152634
18.52	2.19	329587681	153047
18.52	2.71	16607544	181737
18.53	2.56	16607544	180618
18.54	3.00	23310545	172500
18.54	3.20	28980704	102057
18.55	0.33	4234351	154945
18.55	0.17	4234351	155324
18.55	8.96	192580524	082846
18.56	2.61	23310545	161701
18.58	1.06	180500404	175916
18.59	5.33	23310545	142138
18.59	5.72	23310545	180507
18.59	6.41	182401110	192935
18.62	1.37	20984554	152746
18.62	3.10	332169234	155110
18.62	3.34	332169234	155157
18.623	0.97	1966496491	141315
18.623	11.44	424382258	144855
18.63	1.00	16607544	183705
18.63	5.51	23310545	135917
18.64	22.56	220423064	103203
18.64	4.27	23310545	062005
18.641	11.18	97702892	201622
18.641	11.18	97702892	202049
18.66	2.36	109176892	112523
18.66	3.77	23310545	110033
18.68	5.68	180500404	175914
18.69	7.38	23310545	085047
18.7	3.29	23310545	180123
18.7	3.36	46391746	144712
18.71	7.53	52194842	081421
18.71	3.42	332169234	155110
18.71	3.52	332169234	155137
18.718	0.49	19017791	144550
18.719	3.10	2269350800	172622
18.72	2.60	187296473	173358
18.73	2.18	263919218	135721
18.75	2.94	321016726	184730
18.76	3.04	218042866	195949
18.76	2.95	556042740	144404
18.77	10.64	16607544	102731
18.79	3.70	99235254	154029
18.8	4.99	280369302	180052
18.81	10.42	453421395	140815
18.81	2.12	28980704	055817
18.82	6.02	129980658	142259
18.82	4.89	23310545	081543
18.832	6.05	258951788	184823
18.85	7.85	340951243	091917
18.86	0.94	105233630	174257
18.87	8.04	258951788	121708
18.87	2.49	28980704	063739
18.87	1.47	28980704	125857
18.87	2.51	145374496	193706
18.871	8.03	114809110	170959
18.88	3.01	23310545	130911
18.91	3.01	107099101	163426
18.92	3.50	23310545	095752
18.92	5.25	23310545	130250
18.92	1.37	145374496	140051
18.92	1.10	187296473	091201
18.93	1.67	20984554	120754
18.93	4.63	23310545	111422
18.94	41.35	232959045	142146
18.97	0.53	2169667183	104459
19	1.95	270812937	130417
19	2.19	270812937	134536
19	2.19	270812937	134536
19	4.28	23310545	181827
19	3.54	145374496	185805
19	1.21	61277879	141347
19	0.96	1966496491	190744
19	2.50	187296473	123633
19	1.22	145374496	183459
19	3.15	23310545	182326
19	21.86	390079493	101115
19	0.47	19613166	152119
19	2.30	132614376	111242
19	1.87	565763549	200725
19.04	1.27	145374496	200142
19.05	4.55	362983875	092035
19.06	2.37	148888931	120157
19.07	5.86	246829884	191258
19.08	37.03	232959045	120618
19.08	1.85	1966496491	203324
19.09	9.49	1322076380	072725
19.09	5.81	246829884	172915
19.11	1.08	1966496491	122145
19.12	5.28	40357628	181248
19.12	2.77	1966496491	204633
19.13	0.43	237686044	140910
19.14	14.01	121508946	203821
19.146	12.54	121508946	124432
19.15	2.64	46198458	155500
19.15	2.22	129980658	145851
19.15	2.67	16607544	173300
19.152	5.22	23310545	082032
19.16	31.22	232959045	105703
19.17	5.14	52372281	131229
19.17	2.90	42021155	104650
19.19	5.51	25837323	202018
19.19	5.96	23310545	080909
19.23	1.95	93261341	103209
19.23	2.58	28980704	163247
19.24	81.41	232959045	124115
19.24	10.01	132614376	074910
19.24	1.24	145374496	221052
19.25	2.56	23310545	180547
19.26	18.67	145374496	180055
19.26	1.23	145374496	184029
19.26	7.67	16681864	131104
19.27	3.22	52194842	201613
19.27	8.84	317229298	183717
19.27	7.33	181295151	145114
19.28	1.65	181715005	164215
19.28	6.51	297600729	183237
19.28	2.21	84679332	205953
19.29	5.64	52194842	201731
19.31	5.86	24009162	131040
19.31	3.31	23310545	173629
19.32	0.31	17186158	153919
19.32	0.19	17186158	154555
19.32	1.58	145374496	120542
19.32	1.95	565763549	185312
19.33	3.43	163188731	073245
19.33	10.92	269966317	184331
19.34	14.19	354493552	103529
19.34	9.45	354493552	195829
19.39	3.41	23310545	173838
19.4	5.99	23310545	144143
19.403	9.08	218042866	104834
19.41	2.19	109176892	122926
19.42	3.22	28980704	172343
19.42	40.76	378177302	144601
19.43	1.45	129980658	141416
19.44	2.94	4234351	110707
19.44	7.33	35394396	124531
19.44	1.30	28980704	163828
19.46	1.95	270812937	130417
19.47	4.29	122299396	155516
19.48	0.11	145374496	070237
19.49	13.96	103795246	201358
19.513	5.47	129980658	131232
19.52	4.47	23310545	075331
19.52	5.28	25130781	172048
19.52	3.49	468725726	124806
19.53	5.76	52194842	082539
19.54	11.63	55267951	174652
19.546	30.87	232959045	111655
19.55	2.10	4234351	120819
19.56	7.90	113295299	084329
19.57	6.86	97702892	151548
19.58	3.64	42021155	113309
19.61	0.26	1966496491	175418
19.61	0.83	1966496491	193809
19.619	4.86	52412916	175508
19.63	0.50	52022364	103703
19.632	3.06	515763543	174400
19.64	8.43	23310545	120310
19.65	2.90	17186158	115344
19.669	11.36	115758373	131714
19.67	10.80	23310545	082710
19.67	7.21	126581341	201003
19.68	0.69	145374496	061814
19.69	1.95	93261341	110051
19.7	1.67	270812937	182559
19.7	5.69	119464009	183535
19.716	4.62	23310545	172540
19.72	2.51	187296473	140704
19.73	41.11	232959045	144140
19.75	8.62	136174920	125047
19.75	3.77	23310545	105633
19.75	4.13	23310545	110552
19.76	6.82	23310545	121618
19.77	4.07	30498392	150602
19.77	0.88	145374496	182919
19.79	7.86	354493552	084135
19.8	8.85	97702892	195522
19.8	3.11	81117617	154218
19.81	2.29	28980704	174914
19.81	1.71	565763549	191715
19.81	1.22	145374496	201541
19.82	7.01	52022364	103033
19.84	5.31	181295151	195200
19.85	4.51	42021155	110331
19.85	0.94	145374496	100655
19.86	5.80	180500404	152856
19.86	0.96	16607544	163315
19.88	2.23	1966496491	201052
19.88	0.55	1966496491	201913
19.89	1.47	1966496491	203730
19.89	12.04	31090005	113116
19.9	9.53	322817477	091832
19.9	3.95	23310545	111655
19.9	3.51	389718105	222103
19.93	3.55	23310545	090522
19.95	20.26	232959045	094059
19.95	11.46	97702892	195321
19.97	1.92	93261341	105521
19.99	2.30	67762554	181943
20	5.00	145374496	104417
20	4.84	23310545	112035
20.01	3.00	23310545	174100
20.026	7.38	121214544	140827
20.03	5.19	16681864	070908
20.03	5.93	1325443206	185139
20.03	16.16	97702892	142448
20.05	26.01	220423064	113711
20.05	2.38	1966496491	191315
20.06	9.63	73827382	183917
20.06	2.45	28980704	071429
20.07	5.01	129980658	134907
20.07	5.87	23310545	093551
20.08	3.10	116895377	185219
20.084	30.33	232959045	114611
20.09	9.69	239100461	122610
20.09	4.19	16607544	181946
20.09	1.70	376647881	172922
20.1	1.25	145374496	184639
20.11	3.59	46391746	184412
20.11	2.54	12242112	181810
20.124	5.64	2169667183	154525
20.13	5.98	331800633	095326
20.13	0.71	145374496	195518
20.13	0.75	115412477	185649
20.14	2.04	129980658	142352
20.14	1.64	851221952	115714
20.14	0.92	122722547	121223
20.14	3.29	23310545	173320
20.14	0.72	187296473	101422
20.15	1.57	23310545	174157
20.16	0.81	52022364	101036
20.17	2.18	115412477	185151
20.18	3.87	376647881	170809
20.2	11.02	269966317	185457
20.21	3.48	258951788	181928
20.21	2.86	28560769	111901
20.22	9.95	581634589	111949
20.22	2.03	132614376	131653
20.22	2.62	145374496	061137
20.23	1.34	145374496	080329
20.23	2.03	145374496	184215
20.27	9.14	126581341	190916
20.28	7.01	116895377	100652
20.29	4.63	155303932	183353
20.3	1.41	145374496	175327
20.3	3.80	146133904	180656
20.3	3.94	23310545	112003
20.31	0.27	4234351	081444
20.31	2.59	23310545	120825
20.32	2.79	278697287	193836
20.33	5.26	49563818	091909
20.34	3.07	45590178	143459
20.34	3.89	23310545	072924
20.34	3.04	4234351	084455
20.34	5.39	23310545	113332
20.36	3.40	116895377	082037
20.36	1.17	116895377	143950
20.363	7.12	264114754	092233
20.363	7.12	264114754	092709
20.37	6.26	30548697	165638
20.37	3.90	46391746	185348
20.38	5.00	23310545	145922
20.39	7.02	23310545	175859
20.41	1.27	145374496	111105
20.41	1.03	52506896	144452
20.41	5.42	52194842	090524
20.41	0.74	1966496491	203942
20.41	8.04	16607544	102917
20.42	24.34	291851541	170632
20.42	8.94	23310545	133258
20.42	2.52	23310545	162119
20.427	1.10	2169667183	130008
20.428	34.25	220423064	130541
20.44	5.19	297600729	190026
20.44	12.49	23310545	143809
20.45	2.00	263919218	093655
20.45	3.33	297600729	200706
20.46	4.09	23310545	153614
20.47	6.90	160658424	122153
20.48	4.72	36926785	173730
20.48	5.09	336140523	174205
20.49	3.40	1325443206	155254
20.5	3.52	20984554	134318
20.5	5.74	24583865	132821
20.5	7.52	180500404	092147
20.52	7.44	23310545	124925
20.52	2.63	28980704	080914
20.55	1.22	145374496	161028
20.56	2.00	136946165	152042
20.56	2.69	16607544	175905
20.57	2.54	23310545	171813
20.57	4.90	23310545	111948
20.57	1.91	145374496	114539
20.57	0.47	389718105	184426
20.61	1.53	23310545	125008
20.61	1.02	26544296	164050
20.616	1.18	2169667183	101045
20.624	4.67	92519074	134739
20.63	1.79	24009162	105156
20.63	2.56	23310545	161614
20.64	0.87	187296473	182050
20.67	2.94	15027500	195211
20.678	0.98	60185349	105026
20.7	1.51	275589773	153511
20.72	1.38	187296473	113058
20.73	0.09	217560290	144057
20.74	3.59	187296473	123104
20.75	1.71	145374496	192033
20.76	5.09	376647881	105829
20.78	0.12	145374496	085025
20.789	5.51	30498392	183625
20.79	3.28	23310545	171645
20.81	1.43	132614376	123211
20.81	4.28	31090005	204903
20.82	6.03	23310545	114540
20.82	9.14	398677487	131550
20.82	3.53	15530287	185132
20.84	2.11	222753370	191438
20.84	3.48	703102505	063115
20.86	5.12	16681864	080155
20.88	4.29	23310545	140922
20.889	2.30	33965288	160717
20.89	4.26	354493552	092259
20.91	0.72	1966496491	172002
20.93	2.42	1966496491	122910
20.93	5.98	52194842	192249
20.94	9.29	410652341	122856
20.95	3.66	187296473	140545
20.95	6.60	297600729	192127
20.96	3.14	28980704	174740
21	2.13	132614376	111926
21	4.86	23310545	073610
21.01	3.33	239100461	122313
21.03	3.03	30213954	125009
21.04	3.47	321016726	091340
21.053	5.42	237686044	173332
21.06	6.26	142258903	135847
21.07	1.39	187296473	123937
21.07	1.93	187296473	093548
21.08	2.84	136174920	182702
21.08	4.07	23310545	110608
21.08	1.52	145374496	131954
21.09	5.31	23310545	112026
21.09	24.42	97702892	144417
21.094	13.30	145374496	162854
21.12	5.46	116865153	155811
21.12	4.56	280369302	164701
21.14	0.52	1966496491	174437
21.15	7	3042506861	150046
21.16	5.14	129980658	142257
21.17	2.14	15027500	174801
21.18	18.32	115412477	150540
21.19	5.01	23310545	115352
21.19	2.39	851221952	183943
21.19	8.75	23310545	075528
21.21	4.09	169608184	174415
21.23	4.82	23310545	091936
21.24	0.78	308427420	145313
21.27	5.91	52194842	201609
21.28	3.17	145374496	192436
21.28	2.29	109176892	080630
21.28	7.29	297600729	191047
21.281	1.87	145374496	115348
21.29	5.74	23310545	123514
21.3	3.15	851221952	195336
21.32	0.78	145374496	190440
21.32	5.91	23310545	175511
21.33	7.10	42021155	120646
21.34	4.87	42021155	120434
21.34	0.70	389718105	081457
21.35	11.19	293978575	151012
21.35	3.70	33965288	182351
21.35	0.55	197878187	144206
21.35	2.23	23310545	111101
21.36	2.03	93261341	105555
21.36	2.08	23310545	110057
21.37	3.48	145374496	101845
21.38	5.83	279255154	111657
21.39	12.59	215014392	080045
21.41	5.83	23310545	145729
21.44	3.11	218042866	175002
21.44	6.89	308691184	172112
21.45	1.26	145374496	094338
21.47	0.94	40357628	180002
21.47	2.79	1966496491	184338
21.47	2.23	23310545	111101
21.48	8.55	45590178	172515
21.48	0.79	28980704	084229
21.49	0.37	78335106	171812
21.494	2.80	93261341	110423
21.51	4.78	515763543	214822
21.51	2.37	4234351	152330
21.51	4.31	23310545	081115
21.51	3.30	376647881	190338
21.52	3.75	146133904	181434
21.56	7.77	352182609	124841
21.57	0.70	266161247	174205
21.6	3.26	239100461	093431
21.61	0.96	702734400	092543
21.61	0.58	1966496491	202226
21.61	6.11	317229298	152419
21.62	31.24	454952840	115642
21.62	5.77	4234351	083943
21.65	2.06	60185349	105552
21.653	4.94	145374496	165801
21.653	5.00	258951788	182834
21.68	1.71	116865153	132707
21.69	0.92	218042866	060155
21.7	2.41	23310545	144642
21.7	3.75	23310545	173808
21.72	1.95	93261341	110103
21.72	2.29	389718105	202341
21.74	4.28	31090005	204903
21.75	1.32	18337972	093255
21.75	7.67	16607544	101319
21.77	2.66	145374496	104230
21.78	7.36	354493552	112405
21.78	1.96	145374496	103404
21.78	17.15	317229298	112414
21.79	1.99	1966496491	144500
21.81	5.17	1966496491	160025
21.81	0.84	1966496491	142038
21.85	3.47	28560769	082012
21.88	5.79	30548697	163447
21.88	0.24	218042866	062156
21.89	25.02	96753517	130958
21.89	5.00	23310545	083235
21.91	0.69	132614376	094107
21.91	3.02	332169234	155812
21.95	3.12	23310545	112519
21.99	14.81	121508946	164826
21.99	2.41	132614376	112502
21.99	1.72	329587681	142230
22	2.29	132614376	110453
22.01	19.00	390079493	085319
22.02	3.36	145374496	195610
22.03	5.15	2203036656	100350
22.04	3.05	239359079	184419
22.09	4.31	28980704	084230
22.09	3.48	332169234	161532
22.1	3.18	332169234	161553
22.13	4.41	258951788	190603
22.14	3.45	23310545	174642
22.17	22.72	121508946	103358
22.17	5.00	23310545	125120
22.19	8.17	352182609	131327
22.203	0.16	76457580	170020
22.21	3.37	321016726	105943
22.21	9.13	23310545	091126
22.21	6.78	145382071	130512
22.21	18	52506896	130759
22.26	2.42	354493552	124855
22.26	1.31	145374496	103408
22.26	0.52	1966496491	181722
22.27	4.52	23310545	111705
22.289	7.67	129980658	133528
22.3	2.55	15027500	084339
22.31	5.73	928181298	131030
22.31	14.31	121508946	094405
22.31	5.88	23310545	074948
22.31	5.40	79958562	162017
22.32	1.61	23310545	131706
22.33	0.92	218042866	172240
22.35	1.95	24009162	105050
22.35	2.25	23310545	181632
22.35	1.90	4234351	073226
22.36	1.98	16607544	172658
22.36	5.45	1325443206	190931
22.37	3.02	145374496	202908
22.37	4.07	23310545	153556
22.38	8.12	40357628	202042
22.42	4.70	15027500	191227
22.422	1.13	1966496491	192925
22.422	0.87	1966496491	210835
22.46	0.55	1966496491	172934
22.51	1.96	93261341	105850
22.54	3.95	366235188	144207
22.56	4.14	4234351	111928
22.58	2.16	258951788	183414
22.59	1.79	93261341	110109
22.6	44.13	98650559	191720
22.61	5.97	258951788	104021
22.61	7.93	23310545	085553
22.66	3.22	321016726	154814
22.664	0.75	116895377	114134
22.68	5.09	116895377	130504
22.7	1.30	2203036656	185815
22.72	4.54	565763549	135027
22.72	0.35	28980704	081755
22.73	2.36	23310545	182239
22.74	3.04	23310545	090803
22.76	4.06	40357628	165506
22.83	2.08	145374496	124353
22.83	6.31	331800633	081000
22.85	5.81	335858379	184728
22.87	2.21	565763549	140506
22.907	0.23	76457580	172320
22.91	13.49	16607544	103255
22.92	7.89	920743586	160925
22.95	1.46	16607544	162846
22.95	0.29	28980704	091234
22.97	6.81	180500404	192640
22.98	0.26	1966496491	220531
22.99	8.36	23310545	082454
22.99	1.86	565763549	181318
23	1.28	145374496	184438
23	3.25	46198458	153356
23.02	0.46	218042866	170321
23.04	2.68	28980704	105207
23.04	2.31	46198458	153750
23.07	3.95	23310545	110356
23.09	0.72	145374496	095605
23.11	1.88	145374496	090605
23.12	1.53	23310545	161632
23.13	4.98	109176892	101216
23.15	6.30	15027500	195137
23.16	7.60	382216021	071603
23.16	2.58	24009162	115811
23.2	3.21	321016726	135832
23.23	5.29	23310545	081610
23.25	1.54	145374496	194117
23.27	3.33	13421602	165439
23.27	8.64	31090005	121651
23.28	15.01	22068062	155057
23.29	2.59	565763549	141803
23.32	20.65	121508946	102348
23.33	0.82	1966496491	182446
23.33	4.56	23310545	154856
23.37	3.17	52372281	135040
23.38	4.29	23310545	174512
23.39	1.65	145374496	193649
23.413	1.12	1966496491	151001
23.44	1.33	28980704	093935
23.45	1.89	93261341	105524
23.46	1.78	109176892	133213
23.49	3.53	2203036656	151950
23.496	3.72	115412477	102000
23.56	2.55	109176892	120111
23.57	5.41	79958562	100526
23.58	3.91	1966496491	192500
23.61	2.31	23310545	172730
23.63	1.91	145374496	194450
23.64	32.81	454952840	150802
23.64	2.17	23310545	194224
23.67	4.40	565763549	143209
23.68	7.14	129980658	144727
23.71	5.58	96753517	120807
23.75	1.27	197102717	133422
23.75	3.85	23310545	080324
23.76	8.78	40357628	164024
23.76	0.94	61277879	084340
23.772	0.98	116895377	143507
23.8	0.86	1966496491	183920
23.81	31.76	382216021	112445
23.81	2.18	52372281	113809
23.82	0.66	1966496491	122519
23.82	2.32	33965288	181817
23.83	2.32	109176892	092551
23.84	2.94	114809110	123654
23.84	9.03	155303932	080839
23.89	3.28	23310545	181721
23.9	5.19	23310545	174836
23.94	2.44	40357628	074559
23.94	3.04	4234351	105304
23.94	2.37	28980704	094615
23.95	7.42	23310545	103752
23.97	3.80	23310545	111538
24	2.39	46198458	151955
24.01	5.29	96121767	175624
24.03	9.08	1590439304	140515
24.091	9.85	239100461	135101
24.1	2.48	31090005	183825
24.12	5.99	12242112	195015
24.13	15.47	97702892	214958
24.14	10.97	15027500	145810
24.14	14.49	115412477	171217
24.2	2.35	52372281	130846
24.24	6.28	23310545	113450
24.241	5.36	129980658	131309
24.27	2.72	40357628	075308
24.32	2.11	28980704	093856
24.33	2.21	23310545	160918
24.34	4.55	23310545	111618
24.42	22.16	382216021	092007
24.42	2.90	145374496	203334
24.43	1.08	23310545	160156
24.47	4.52	132614376	182209
24.48	4.53	187296473	112505
24.49	4.61	2203036656	131110
24.54	15.92	23310545	130500
24.56	2.67	28980704	094249
24.56	5.41	79958562	192444
24.572	0.42	46198458	134522
24.58	4.15	1966496491	221850
24.58	1.10	389718105	180825
24.6	1.00	218042866	163457
24.6	3.31	581634589	140004
24.63	1.46	145374496	192213
24.64	8.42	58502754	143242
24.66	8.64	40357628	150419
24.7	6.46	109176892	095744
24.7	0.62	1966496491	180529
24.78	13.27	390079493	075407
24.8	5.07	23310545	112729
24.81	2.99	99235254	111822
24.82	0.87	1966496491	180534
24.85	27.66	2471269748	140105
24.85	2.48	565763549	192153
24.87	0.92	1966496491	120100
24.87	1.70	16607544	122301
24.87	2.38	1966496491	201214
24.91	4.69	52194842	123545
24.91	7.25	23310545	081531
24.92	2.61	28560769	081942
24.97	5.35	79958562	131655
25	2.28	132614376	113945
25	0.26	46198458	160949
25.01	0.51	1966496491	125624
25.01	0.94	851221952	171930
25.03	5.71	97702892	134528
25.05	7.04	187296473	165646
25.05	2.66	23310545	110507
25.06	7.23	180500404	182737
25.07	1.75	771556274	093207
25.14	0.61	1966496491	174654
25.16	0.71	1966496491	131350
25.16	1.52	93261341	105845
25.23	3.22	52194842	133842
25.42	1.17	46198458	153515
25.46	9.24	317229298	153706
25.47	2.35	1966496491	144436
25.5	4.01	23310545	155152
25.51	2.07	851221952	155700
25.53	0.85	389718105	171338
25.53	3.81	115412477	170119
25.61	32.59	382216021	122337
25.63	3.25	28980704	103530
25.84	2.20	109176892	140131
25.88	2.43	1966496491	143846
25.92	2.45	28980704	131622
25.96	2.62	515763543	180346
26.04	7.47	180500404	122507
26.05	56.90	97702892	163627
26.11	5.48	180500404	185506
26.16	1.97	93261341	110346
26.17	8.80	227899578	120908
26.18	2.94	187296473	121423
26.24	4.04	67762554	132943
26.29	1.87	93261341	110402
26.3	4.24	23310545	124941
26.31	5.17	320232526	113329
26.33	7.41	40357628	184341
26.33	2.28	109176892	134655
26.37	8.36	332790151	134758
26.37	6.75	148859480	131647
26.43	4.67	28980704	114523
26.48	40.65	232959045	134720
26.52	1.53	321016726	131540
26.52	1.45	321016726	135929
26.54	5.61	397092842	063157
26.6	0.51	1966496491	144133
26.62	3.21	333499503	153509
26.64	4.17	771556274	142256
26.77	3.65	2203036656	145946
26.92	7.23	23310545	131939
27	3.24	23310545	160551
27.09	3.53	23310545	113031
27.1	50.01	121508946	144212
27.23	0.55	28980704	154653
27.26	1.15	28980704	155030
27.37	29.22	382216021	120523
27.83	5.13	457010689	172931
28.07	6.95	565763549	135007
28.19	8.25	23310545	092207
28.33	2.13	213760177	162302
28.53	0.58	213760177	162258
28.62	3.56	129980658	151100
28.63	0.55	46198458	160237
28.67	68.02	242341414	134944
28.77	7.80	97702892	205240
28.78	2.21	1966496491	195325
29.06	5.01	116895377	102311
29.337	1.80	1966496491	164016
29.37	5.30	23310545	172259
29.48	12.72	389718105	173025
29.65	2.09	1966496491	195324
29.85	1.51	91418753	132318
30.248	1.81	218042866	115516
30.87	3.84	14072078	134608
30.87	1.71	1966496491	133806
31.06	3.12	61277879	123756
31.11	1.07	1966496491	124306
31.221	2.45	1966496491	153010
31.38	1.61	23310545	162835
31.44	1.29	2203036656	161413
32.21	0.02	565763549	130122
32.21	2.72	565763549	133447
34.81	1.72	1966496491	121359
